#! /c/Source/iverilog-install/bin/vvp
:ivl_version "12.0 (devel)" "(s20150603-1110-g18392a46)";
:ivl_delay_selection "TYPICAL";
:vpi_time_precision + 0;
:vpi_module "C:\iverilog\lib\ivl\system.vpi";
:vpi_module "C:\iverilog\lib\ivl\vhdl_sys.vpi";
:vpi_module "C:\iverilog\lib\ivl\vhdl_textio.vpi";
:vpi_module "C:\iverilog\lib\ivl\v2005_math.vpi";
:vpi_module "C:\iverilog\lib\ivl\va_math.vpi";
S_000001f153692db0 .scope module, "dff" "dff" 2 1;
 .timescale 0 0;
    .port_info 0 /INPUT 1 "D";
    .port_info 1 /INPUT 1 "CLK";
    .port_info 2 /OUTPUT 1 "Q";
o000001f1536c6a18 .functor BUFZ 1, C4<z>; HiZ drive
v000001f1536936e0_0 .net "CLK", 0 0, o000001f1536c6a18;  0 drivers
o000001f1536c6a48 .functor BUFZ 1, C4<z>; HiZ drive
v000001f153692f40_0 .net "D", 0 0, o000001f1536c6a48;  0 drivers
v000001f153692fe0_0 .var "Q", 0 0;
E_000001f1536c57d0 .event posedge, v000001f1536936e0_0;
    .scope S_000001f153692db0;
T_0 ;
    %wait E_000001f1536c57d0;
    %load/vec4 v000001f153692f40_0;
    %store/vec4 v000001f153692fe0_0, 0, 1;
    %jmp T_0;
    .thread T_0;
# The file index is used to find the file name in the following table.
:file_names 3;
    "N/A";
    "<interactive>";
    "d-ff_s.v";
