#! /c/Source/iverilog-install/bin/vvp
:ivl_version "12.0 (devel)" "(s20150603-1110-g18392a46)";
:ivl_delay_selection "TYPICAL";
:vpi_time_precision - 9;
:vpi_module "C:\iverilog\lib\ivl\system.vpi";
:vpi_module "C:\iverilog\lib\ivl\vhdl_sys.vpi";
:vpi_module "C:\iverilog\lib\ivl\vhdl_textio.vpi";
:vpi_module "C:\iverilog\lib\ivl\v2005_math.vpi";
:vpi_module "C:\iverilog\lib\ivl\va_math.vpi";
S_00000166253a2db0 .scope module, "dff_tb" "dff_tb" 2 4;
 .timescale -9 -9;
v00000166254fb850_0 .var "CLK", 0 0;
v00000166254fb8f0_0 .var "D", 0 0;
v00000166254fb990_0 .net "Q", 0 0, v00000166254fb7b0_0;  1 drivers
S_00000166253a2f40 .scope module, "DUT" "dff" 2 9, 3 1 0, S_00000166253a2db0;
 .timescale -9 -9;
    .port_info 0 /INPUT 1 "D";
    .port_info 1 /INPUT 1 "CLK";
    .port_info 2 /OUTPUT 1 "Q";
v00000166253a30d0_0 .net "CLK", 0 0, v00000166254fb850_0;  1 drivers
v00000166253d6140_0 .net "D", 0 0, v00000166254fb8f0_0;  1 drivers
v00000166254fb7b0_0 .var "Q", 0 0;
E_00000166254fc610 .event posedge, v00000166253a30d0_0;
    .scope S_00000166253a2f40;
T_0 ;
    %wait E_00000166254fc610;
    %load/vec4 v00000166253d6140_0;
    %store/vec4 v00000166254fb7b0_0, 0, 1;
    %jmp T_0;
    .thread T_0;
    .scope S_00000166253a2db0;
T_1 ;
    %pushi/vec4 0, 0, 1;
    %store/vec4 v00000166254fb8f0_0, 0, 1;
    %pushi/vec4 0, 0, 1;
    %store/vec4 v00000166254fb850_0, 0, 1;
    %end;
    .thread T_1;
    .scope S_00000166253a2db0;
T_2 ;
    %load/vec4 v00000166254fb850_0;
    %inv;
    %store/vec4 v00000166254fb850_0, 0, 1;
    %delay 10, 0;
    %jmp T_2;
    .thread T_2;
    .scope S_00000166253a2db0;
T_3 ;
    %vpi_call 2 17 "$dumpfile", "d-ff_tb.vcd" {0 0 0};
    %vpi_call 2 18 "$dumpvars", 32'sb00000000000000000000000000000000, S_00000166253a2db0 {0 0 0};
    %pushi/vec4 1, 0, 1;
    %store/vec4 v00000166254fb8f0_0, 0, 1;
    %delay 40, 0;
    %pushi/vec4 0, 0, 1;
    %store/vec4 v00000166254fb8f0_0, 0, 1;
    %delay 40, 0;
    %vpi_call 2 21 "$finish" {0 0 0};
    %end;
    .thread T_3;
# The file index is used to find the file name in the following table.
:file_names 4;
    "N/A";
    "<interactive>";
    "d-ff_tb.v";
    "./d-ff_s.v";
