#! /c/Source/iverilog-install/bin/vvp
:ivl_version "12.0 (devel)" "(s20150603-1110-g18392a46)";
:ivl_delay_selection "TYPICAL";
:vpi_time_precision + 0;
:vpi_module "C:\iverilog\lib\ivl\system.vpi";
:vpi_module "C:\iverilog\lib\ivl\vhdl_sys.vpi";
:vpi_module "C:\iverilog\lib\ivl\vhdl_textio.vpi";
:vpi_module "C:\iverilog\lib\ivl\v2005_math.vpi";
:vpi_module "C:\iverilog\lib\ivl\va_math.vpi";
S_00000211e4c55430 .scope module, "nand_tb" "nand_tb" 2 3;
 .timescale 0 0;
v00000211e4d9b750_0 .var "a", 0 0;
v00000211e4d9b7f0_0 .var "b", 0 0;
v00000211e4d9b890_0 .net "out", 0 0, L_00000211e4c22f70;  1 drivers
S_00000211e4c555c0 .scope module, "G1" "nand_gate" 2 8, 3 1 0, S_00000211e4c55430;
 .timescale 0 0;
    .port_info 0 /INPUT 1 "a";
    .port_info 1 /INPUT 1 "b";
    .port_info 2 /OUTPUT 1 "out";
L_00000211e4c55890 .functor AND 1, v00000211e4d9b750_0, v00000211e4d9b7f0_0, C4<1>, C4<1>;
L_00000211e4c22f70 .functor NOT 1, L_00000211e4c55890, C4<0>, C4<0>, C4<0>;
v00000211e4c233c0_0 .net *"_ivl_0", 0 0, L_00000211e4c55890;  1 drivers
v00000211e4c22ed0_0 .net "a", 0 0, v00000211e4d9b750_0;  1 drivers
v00000211e4c55750_0 .net "b", 0 0, v00000211e4d9b7f0_0;  1 drivers
v00000211e4c557f0_0 .net "out", 0 0, L_00000211e4c22f70;  alias, 1 drivers
    .scope S_00000211e4c55430;
T_0 ;
    %vpi_call 2 11 "$dumpfile", "nand_tb.vcd" {0 0 0};
    %vpi_call 2 12 "$dumpvars", 32'sb00000000000000000000000000000000, S_00000211e4c55430 {0 0 0};
    %pushi/vec4 0, 0, 1;
    %store/vec4 v00000211e4d9b750_0, 0, 1;
    %pushi/vec4 0, 0, 1;
    %store/vec4 v00000211e4d9b7f0_0, 0, 1;
    %delay 10, 0;
    %pushi/vec4 1, 0, 1;
    %store/vec4 v00000211e4d9b750_0, 0, 1;
    %pushi/vec4 0, 0, 1;
    %store/vec4 v00000211e4d9b7f0_0, 0, 1;
    %delay 10, 0;
    %pushi/vec4 0, 0, 1;
    %store/vec4 v00000211e4d9b750_0, 0, 1;
    %pushi/vec4 1, 0, 1;
    %store/vec4 v00000211e4d9b7f0_0, 0, 1;
    %delay 10, 0;
    %pushi/vec4 1, 0, 1;
    %store/vec4 v00000211e4d9b750_0, 0, 1;
    %pushi/vec4 1, 0, 1;
    %store/vec4 v00000211e4d9b7f0_0, 0, 1;
    %delay 10, 0;
    %end;
    .thread T_0;
# The file index is used to find the file name in the following table.
:file_names 4;
    "N/A";
    "<interactive>";
    "nand_tb.v";
    "./nand.v";
