#! /c/Source/iverilog-install/bin/vvp
:ivl_version "12.0 (devel)" "(s20150603-1110-g18392a46)";
:ivl_delay_selection "TYPICAL";
:vpi_time_precision + 0;
:vpi_module "C:\iverilog\lib\ivl\system.vpi";
:vpi_module "C:\iverilog\lib\ivl\vhdl_sys.vpi";
:vpi_module "C:\iverilog\lib\ivl\vhdl_textio.vpi";
:vpi_module "C:\iverilog\lib\ivl\v2005_math.vpi";
:vpi_module "C:\iverilog\lib\ivl\va_math.vpi";
S_00000230a7766de0 .scope module, "xnor_gate" "xnor_gate" 2 1;
 .timescale 0 0;
    .port_info 0 /INPUT 1 "a";
    .port_info 1 /INPUT 1 "b";
    .port_info 2 /OUTPUT 1 "out";
o00000230a7766fa8 .functor BUFZ 1, C4<z>; HiZ drive
o00000230a7766fd8 .functor BUFZ 1, C4<z>; HiZ drive
L_00000230a7733160 .functor XOR 1, o00000230a7766fa8, o00000230a7766fd8, C4<0>, C4<0>;
L_00000230a76dedc0 .functor NOT 1, L_00000230a7733160, C4<0>, C4<0>, C4<0>;
v00000230a7733380_0 .net *"_ivl_0", 0 0, L_00000230a7733160;  1 drivers
v00000230a7764940_0 .net "a", 0 0, o00000230a7766fa8;  0 drivers
v00000230a7732eb0_0 .net "b", 0 0, o00000230a7766fd8;  0 drivers
v00000230a76ded20_0 .net "out", 0 0, L_00000230a76dedc0;  1 drivers
# The file index is used to find the file name in the following table.
:file_names 3;
    "N/A";
    "<interactive>";
    "xnor.v";
