#! /c/Source/iverilog-install/bin/vvp
:ivl_version "12.0 (devel)" "(s20150603-1110-g18392a46)";
:ivl_delay_selection "TYPICAL";
:vpi_time_precision + 0;
:vpi_module "C:\iverilog\lib\ivl\system.vpi";
:vpi_module "C:\iverilog\lib\ivl\vhdl_sys.vpi";
:vpi_module "C:\iverilog\lib\ivl\vhdl_textio.vpi";
:vpi_module "C:\iverilog\lib\ivl\v2005_math.vpi";
:vpi_module "C:\iverilog\lib\ivl\va_math.vpi";
S_00000181cec52a90 .scope module, "mux_21" "mux_21" 2 1;
 .timescale 0 0;
    .port_info 0 /OUTPUT 1 "Y";
    .port_info 1 /INPUT 1 "D0";
    .port_info 2 /INPUT 1 "D1";
    .port_info 3 /INPUT 1 "S";
o00000181cec87008 .functor BUFZ 1, C4<z>; HiZ drive
o00000181cec87038 .functor BUFZ 1, C4<z>; HiZ drive
L_00000181cec3e130 .functor AND 1, o00000181cec87008, o00000181cec87038, C4<1>, C4<1>;
o00000181cec86fd8 .functor BUFZ 1, C4<z>; HiZ drive
L_00000181cec3e1a0 .functor AND 1, o00000181cec86fd8, L_00000181cec3ea20, C4<1>, C4<1>;
L_00000181cec3ea20 .functor NOT 1, o00000181cec87038, C4<0>, C4<0>, C4<0>;
L_00000181cec3ea90 .functor OR 1, L_00000181cec3e130, L_00000181cec3e1a0, C4<0>, C4<0>;
v00000181cec52c20_0 .net "D0", 0 0, o00000181cec86fd8;  0 drivers
v00000181cec52cc0_0 .net "D1", 0 0, o00000181cec87008;  0 drivers
v00000181cec52d60_0 .net "S", 0 0, o00000181cec87038;  0 drivers
v00000181cec52e00_0 .net "Sbar", 0 0, L_00000181cec3ea20;  1 drivers
v00000181cec52ea0_0 .net "T1", 0 0, L_00000181cec3e130;  1 drivers
v00000181cec3dff0_0 .net "T2", 0 0, L_00000181cec3e1a0;  1 drivers
v00000181cec3e090_0 .net "Y", 0 0, L_00000181cec3ea90;  1 drivers
# The file index is used to find the file name in the following table.
:file_names 3;
    "N/A";
    "<interactive>";
    "mux_21.v";
