#! /c/Source/iverilog-install/bin/vvp
:ivl_version "12.0 (devel)" "(s20150603-1110-g18392a46)";
:ivl_delay_selection "TYPICAL";
:vpi_time_precision + 0;
:vpi_module "C:\iverilog\lib\ivl\system.vpi";
:vpi_module "C:\iverilog\lib\ivl\vhdl_sys.vpi";
:vpi_module "C:\iverilog\lib\ivl\vhdl_textio.vpi";
:vpi_module "C:\iverilog\lib\ivl\v2005_math.vpi";
:vpi_module "C:\iverilog\lib\ivl\va_math.vpi";
S_0000015fc0732df0 .scope module, "srff" "srff" 2 1;
 .timescale 0 0;
    .port_info 0 /INPUT 1 "s";
    .port_info 1 /INPUT 1 "r";
    .port_info 2 /INPUT 1 "clk";
    .port_info 3 /INPUT 1 "clr";
    .port_info 4 /INPUT 1 "preset";
    .port_info 5 /OUTPUT 1 "q";
    .port_info 6 /OUTPUT 1 "qbar";
o0000015fc0766fd8 .functor BUFZ 1, C4<z>; HiZ drive
v0000015fc0733390_0 .net "clk", 0 0, o0000015fc0766fd8;  0 drivers
o0000015fc0767008 .functor BUFZ 1, C4<z>; HiZ drive
v0000015fc085ba80_0 .net "clr", 0 0, o0000015fc0767008;  0 drivers
o0000015fc0767038 .functor BUFZ 1, C4<z>; HiZ drive
v0000015fc0732f80_0 .net "preset", 0 0, o0000015fc0767038;  0 drivers
v0000015fc0733020_0 .var "q", 0 0;
v0000015fc07330c0_0 .var "qbar", 0 0;
o0000015fc07670c8 .functor BUFZ 1, C4<z>; HiZ drive
v0000015fc0764ac0_0 .net "r", 0 0, o0000015fc07670c8;  0 drivers
o0000015fc07670f8 .functor BUFZ 1, C4<z>; HiZ drive
v0000015fc0764b60_0 .net "s", 0 0, o0000015fc07670f8;  0 drivers
E_0000015fc085cb40 .event posedge, v0000015fc0733390_0;
    .scope S_0000015fc0732df0;
T_0 ;
    %wait E_0000015fc085cb40;
    %load/vec4 v0000015fc085ba80_0;
    %cmpi/e 1, 0, 1;
    %jmp/0xz  T_0.0, 4;
    %pushi/vec4 0, 0, 1;
    %assign/vec4 v0000015fc0733020_0, 0;
    %pushi/vec4 1, 0, 1;
    %assign/vec4 v0000015fc07330c0_0, 0;
    %jmp T_0.1;
T_0.0 ;
    %load/vec4 v0000015fc0732f80_0;
    %cmpi/e 1, 0, 1;
    %jmp/0xz  T_0.2, 4;
    %pushi/vec4 1, 0, 1;
    %assign/vec4 v0000015fc0733020_0, 0;
    %pushi/vec4 0, 0, 1;
    %assign/vec4 v0000015fc07330c0_0, 0;
    %jmp T_0.3;
T_0.2 ;
    %load/vec4 v0000015fc0764b60_0;
    %load/vec4 v0000015fc0764ac0_0;
    %concat/vec4; draw_concat_vec4
    %dup/vec4;
    %pushi/vec4 0, 0, 2;
    %cmp/u;
    %jmp/1 T_0.4, 6;
    %dup/vec4;
    %pushi/vec4 1, 0, 2;
    %cmp/u;
    %jmp/1 T_0.5, 6;
    %dup/vec4;
    %pushi/vec4 2, 0, 2;
    %cmp/u;
    %jmp/1 T_0.6, 6;
    %dup/vec4;
    %pushi/vec4 3, 0, 2;
    %cmp/u;
    %jmp/1 T_0.7, 6;
    %pushi/vec4 3, 3, 2;
    %split/vec4 1;
    %assign/vec4 v0000015fc07330c0_0, 0;
    %assign/vec4 v0000015fc0733020_0, 0;
    %jmp T_0.9;
T_0.4 ;
    %load/vec4 v0000015fc0733020_0;
    %assign/vec4 v0000015fc0733020_0, 0;
    %pushi/vec4 1, 0, 1;
    %assign/vec4 v0000015fc07330c0_0, 0;
    %jmp T_0.9;
T_0.5 ;
    %pushi/vec4 0, 0, 1;
    %assign/vec4 v0000015fc0733020_0, 0;
    %pushi/vec4 1, 0, 1;
    %assign/vec4 v0000015fc07330c0_0, 0;
    %jmp T_0.9;
T_0.6 ;
    %pushi/vec4 1, 0, 1;
    %assign/vec4 v0000015fc0733020_0, 0;
    %pushi/vec4 0, 0, 1;
    %assign/vec4 v0000015fc07330c0_0, 0;
    %jmp T_0.9;
T_0.7 ;
    %pushi/vec4 1, 1, 1;
    %assign/vec4 v0000015fc0733020_0, 0;
    %pushi/vec4 1, 1, 1;
    %assign/vec4 v0000015fc0733020_0, 0;
    %jmp T_0.9;
T_0.9 ;
    %pop/vec4 1;
T_0.3 ;
T_0.1 ;
    %jmp T_0;
    .thread T_0;
# The file index is used to find the file name in the following table.
:file_names 3;
    "N/A";
    "<interactive>";
    "SR_ff.v";
