#! /c/Source/iverilog-install/bin/vvp
:ivl_version "12.0 (devel)" "(s20150603-1110-g18392a46)";
:ivl_delay_selection "TYPICAL";
:vpi_time_precision + 0;
:vpi_module "C:\iverilog\lib\ivl\system.vpi";
:vpi_module "C:\iverilog\lib\ivl\vhdl_sys.vpi";
:vpi_module "C:\iverilog\lib\ivl\vhdl_textio.vpi";
:vpi_module "C:\iverilog\lib\ivl\v2005_math.vpi";
:vpi_module "C:\iverilog\lib\ivl\va_math.vpi";
S_0000018207c8b9f0 .scope module, "srff_tb" "srff_tb" 2 3;
 .timescale 0 0;
v0000018207e80850_0 .var "clk", 0 0;
v0000018207e808f0_0 .var "clr", 0 0;
v0000018207e80990_0 .var "preset", 0 0;
v0000018207e80a30_0 .net "q", 0 0, v0000018207c8e990_0;  1 drivers
v0000018207e80ad0_0 .net "qbar", 0 0, v0000018207c8ea30_0;  1 drivers
v0000018207e80b70_0 .var "r", 0 0;
v0000018207e80c10_0 .var "s", 0 0;
S_0000018207c8e760 .scope module, "uut" "srff" 2 12, 3 1 0, S_0000018207c8b9f0;
 .timescale 0 0;
    .port_info 0 /INPUT 1 "s";
    .port_info 1 /INPUT 1 "r";
    .port_info 2 /INPUT 1 "clk";
    .port_info 3 /INPUT 1 "clr";
    .port_info 4 /INPUT 1 "preset";
    .port_info 5 /OUTPUT 1 "q";
    .port_info 6 /OUTPUT 1 "qbar";
v0000018207e033d0_0 .net "clk", 0 0, v0000018207e80850_0;  1 drivers
v0000018207e03130_0 .net "clr", 0 0, v0000018207e808f0_0;  1 drivers
v0000018207c8e8f0_0 .net "preset", 0 0, v0000018207e80990_0;  1 drivers
v0000018207c8e990_0 .var "q", 0 0;
v0000018207c8ea30_0 .var "qbar", 0 0;
v0000018207c8ead0_0 .net "r", 0 0, v0000018207e80b70_0;  1 drivers
v0000018207c8eb70_0 .net "s", 0 0, v0000018207e80c10_0;  1 drivers
E_0000018207e25440 .event posedge, v0000018207e033d0_0;
    .scope S_0000018207c8e760;
T_0 ;
    %wait E_0000018207e25440;
    %load/vec4 v0000018207e03130_0;
    %cmpi/e 1, 0, 1;
    %jmp/0xz  T_0.0, 4;
    %pushi/vec4 0, 0, 1;
    %assign/vec4 v0000018207c8e990_0, 0;
    %pushi/vec4 1, 0, 1;
    %assign/vec4 v0000018207c8ea30_0, 0;
    %jmp T_0.1;
T_0.0 ;
    %load/vec4 v0000018207c8e8f0_0;
    %cmpi/e 1, 0, 1;
    %jmp/0xz  T_0.2, 4;
    %pushi/vec4 1, 0, 1;
    %assign/vec4 v0000018207c8e990_0, 0;
    %pushi/vec4 0, 0, 1;
    %assign/vec4 v0000018207c8ea30_0, 0;
    %jmp T_0.3;
T_0.2 ;
    %load/vec4 v0000018207c8eb70_0;
    %load/vec4 v0000018207c8ead0_0;
    %concat/vec4; draw_concat_vec4
    %dup/vec4;
    %pushi/vec4 0, 0, 2;
    %cmp/u;
    %jmp/1 T_0.4, 6;
    %dup/vec4;
    %pushi/vec4 1, 0, 2;
    %cmp/u;
    %jmp/1 T_0.5, 6;
    %dup/vec4;
    %pushi/vec4 2, 0, 2;
    %cmp/u;
    %jmp/1 T_0.6, 6;
    %dup/vec4;
    %pushi/vec4 3, 0, 2;
    %cmp/u;
    %jmp/1 T_0.7, 6;
    %pushi/vec4 3, 3, 2;
    %split/vec4 1;
    %assign/vec4 v0000018207c8ea30_0, 0;
    %assign/vec4 v0000018207c8e990_0, 0;
    %jmp T_0.9;
T_0.4 ;
    %load/vec4 v0000018207c8e990_0;
    %assign/vec4 v0000018207c8e990_0, 0;
    %pushi/vec4 1, 0, 1;
    %assign/vec4 v0000018207c8ea30_0, 0;
    %jmp T_0.9;
T_0.5 ;
    %pushi/vec4 0, 0, 1;
    %assign/vec4 v0000018207c8e990_0, 0;
    %pushi/vec4 1, 0, 1;
    %assign/vec4 v0000018207c8ea30_0, 0;
    %jmp T_0.9;
T_0.6 ;
    %pushi/vec4 1, 0, 1;
    %assign/vec4 v0000018207c8e990_0, 0;
    %pushi/vec4 0, 0, 1;
    %assign/vec4 v0000018207c8ea30_0, 0;
    %jmp T_0.9;
T_0.7 ;
    %pushi/vec4 1, 1, 1;
    %assign/vec4 v0000018207c8e990_0, 0;
    %pushi/vec4 1, 1, 1;
    %assign/vec4 v0000018207c8e990_0, 0;
    %jmp T_0.9;
T_0.9 ;
    %pop/vec4 1;
T_0.3 ;
T_0.1 ;
    %jmp T_0;
    .thread T_0;
    .scope S_0000018207c8b9f0;
T_1 ;
    %pushi/vec4 0, 0, 1;
    %store/vec4 v0000018207e80c10_0, 0, 1;
    %pushi/vec4 0, 0, 1;
    %store/vec4 v0000018207e80b70_0, 0, 1;
    %pushi/vec4 0, 0, 1;
    %store/vec4 v0000018207e80850_0, 0, 1;
    %pushi/vec4 1, 0, 1;
    %store/vec4 v0000018207e808f0_0, 0, 1;
    %delay 10, 0;
    %pushi/vec4 1, 0, 1;
    %store/vec4 v0000018207e80990_0, 0, 1;
    %delay 10, 0;
    %pushi/vec4 0, 0, 1;
    %store/vec4 v0000018207e80990_0, 0, 1;
    %vpi_call 2 30 "$dumpfile", "SR_ff_tb.vcd" {0 0 0};
    %vpi_call 2 31 "$dumpvars", 32'sb00000000000000000000000000000000, S_0000018207c8b9f0 {0 0 0};
    %end;
    .thread T_1;
    .scope S_0000018207c8b9f0;
T_2 ;
    %delay 2, 0;
    %load/vec4 v0000018207e80c10_0;
    %load/vec4 v0000018207e80b70_0;
    %concat/vec4; draw_concat_vec4
    %addi 1, 0, 2;
    %split/vec4 1;
    %store/vec4 v0000018207e80b70_0, 0, 1;
    %store/vec4 v0000018207e80c10_0, 0, 1;
    %jmp T_2;
    .thread T_2;
    .scope S_0000018207c8b9f0;
T_3 ;
    %delay 1, 0;
    %load/vec4 v0000018207e80850_0;
    %inv;
    %store/vec4 v0000018207e80850_0, 0, 1;
    %jmp T_3;
    .thread T_3;
    .scope S_0000018207c8b9f0;
T_4 ;
    %delay 10, 0;
    %load/vec4 v0000018207e80850_0;
    %inv;
    %store/vec4 v0000018207e80850_0, 0, 1;
    %end;
    .thread T_4;
    .scope S_0000018207c8b9f0;
T_5 ;
    %delay 10, 0;
    %pushi/vec4 0, 0, 1;
    %store/vec4 v0000018207e808f0_0, 0, 1;
    %end;
    .thread T_5;
    .scope S_0000018207c8b9f0;
T_6 ;
    %delay 200, 0;
    %vpi_call 2 42 "$finish" {0 0 0};
    %end;
    .thread T_6;
# The file index is used to find the file name in the following table.
:file_names 4;
    "N/A";
    "<interactive>";
    "SR_ff_tb.v";
    "./SR_ff.v";
