#! /c/Source/iverilog-install/bin/vvp
:ivl_version "12.0 (devel)" "(s20150603-1110-g18392a46)";
:ivl_delay_selection "TYPICAL";
:vpi_time_precision + 0;
:vpi_module "C:\iverilog\lib\ivl\system.vpi";
:vpi_module "C:\iverilog\lib\ivl\vhdl_sys.vpi";
:vpi_module "C:\iverilog\lib\ivl\vhdl_textio.vpi";
:vpi_module "C:\iverilog\lib\ivl\v2005_math.vpi";
:vpi_module "C:\iverilog\lib\ivl\va_math.vpi";
S_0000023abe716c20 .scope module, "add_gate" "add_gate" 2 1;
 .timescale 0 0;
    .port_info 0 /INPUT 1 "a";
    .port_info 1 /INPUT 1 "b";
    .port_info 2 /OUTPUT 1 "out";
o0000023abe716db8 .functor BUFZ 1, C4<z>; HiZ drive
o0000023abe716de8 .functor BUFZ 1, C4<z>; HiZ drive
L_0000023abe6e3160 .functor AND 1, o0000023abe716db8, o0000023abe716de8, C4<1>, C4<1>;
v0000023abe6e3380_0 .net "a", 0 0, o0000023abe716db8;  0 drivers
v0000023abe714940_0 .net "b", 0 0, o0000023abe716de8;  0 drivers
v0000023abe6e2eb0_0 .net "out", 0 0, L_0000023abe6e3160;  1 drivers
# The file index is used to find the file name in the following table.
:file_names 3;
    "N/A";
    "<interactive>";
    "add.v";
