#! /c/Source/iverilog-install/bin/vvp
:ivl_version "12.0 (devel)" "(s20150603-1110-g18392a46)";
:ivl_delay_selection "TYPICAL";
:vpi_time_precision + 0;
:vpi_module "C:\iverilog\lib\ivl\system.vpi";
:vpi_module "C:\iverilog\lib\ivl\vhdl_sys.vpi";
:vpi_module "C:\iverilog\lib\ivl\vhdl_textio.vpi";
:vpi_module "C:\iverilog\lib\ivl\v2005_math.vpi";
:vpi_module "C:\iverilog\lib\ivl\va_math.vpi";
S_000001dae7996de0 .scope module, "nor_gate" "nor_gate" 2 1;
 .timescale 0 0;
    .port_info 0 /INPUT 1 "a";
    .port_info 1 /INPUT 1 "b";
    .port_info 2 /OUTPUT 1 "out";
o000001dae7996fa8 .functor BUFZ 1, C4<z>; HiZ drive
o000001dae7996fd8 .functor BUFZ 1, C4<z>; HiZ drive
L_000001dae7963160 .functor OR 1, o000001dae7996fa8, o000001dae7996fd8, C4<0>, C4<0>;
L_000001dae783edc0 .functor NOT 1, L_000001dae7963160, C4<0>, C4<0>, C4<0>;
v000001dae7963380_0 .net *"_ivl_0", 0 0, L_000001dae7963160;  1 drivers
v000001dae7994940_0 .net "a", 0 0, o000001dae7996fa8;  0 drivers
v000001dae7962eb0_0 .net "b", 0 0, o000001dae7996fd8;  0 drivers
v000001dae783ed20_0 .net "out", 0 0, L_000001dae783edc0;  1 drivers
# The file index is used to find the file name in the following table.
:file_names 3;
    "N/A";
    "<interactive>";
    "nor.v";
