#! /c/Source/iverilog-install/bin/vvp
:ivl_version "12.0 (devel)" "(s20150603-1110-g18392a46)";
:ivl_delay_selection "TYPICAL";
:vpi_time_precision + 0;
:vpi_module "C:\iverilog\lib\ivl\system.vpi";
:vpi_module "C:\iverilog\lib\ivl\vhdl_sys.vpi";
:vpi_module "C:\iverilog\lib\ivl\vhdl_textio.vpi";
:vpi_module "C:\iverilog\lib\ivl\v2005_math.vpi";
:vpi_module "C:\iverilog\lib\ivl\va_math.vpi";
S_000001eeb0745430 .scope module, "nor_tb" "nor_tb" 2 3;
 .timescale 0 0;
v000001eeb085b710_0 .var "a", 0 0;
v000001eeb085b7b0_0 .var "b", 0 0;
v000001eeb085b850_0 .net "out", 0 0, L_000001eeb0712f70;  1 drivers
S_000001eeb07455c0 .scope module, "G1" "nor_gate" 2 8, 3 1 0, S_000001eeb0745430;
 .timescale 0 0;
    .port_info 0 /INPUT 1 "a";
    .port_info 1 /INPUT 1 "b";
    .port_info 2 /OUTPUT 1 "out";
L_000001eeb0745890 .functor OR 1, v000001eeb085b710_0, v000001eeb085b7b0_0, C4<0>, C4<0>;
L_000001eeb0712f70 .functor NOT 1, L_000001eeb0745890, C4<0>, C4<0>, C4<0>;
v000001eeb07133c0_0 .net *"_ivl_0", 0 0, L_000001eeb0745890;  1 drivers
v000001eeb0712ed0_0 .net "a", 0 0, v000001eeb085b710_0;  1 drivers
v000001eeb0745750_0 .net "b", 0 0, v000001eeb085b7b0_0;  1 drivers
v000001eeb07457f0_0 .net "out", 0 0, L_000001eeb0712f70;  alias, 1 drivers
    .scope S_000001eeb0745430;
T_0 ;
    %vpi_call 2 12 "$dumpfile", "nor_tb.vcd" {0 0 0};
    %vpi_call 2 13 "$dumpvars", 32'sb00000000000000000000000000000000, S_000001eeb0745430 {0 0 0};
    %pushi/vec4 0, 0, 1;
    %store/vec4 v000001eeb085b710_0, 0, 1;
    %pushi/vec4 0, 0, 1;
    %store/vec4 v000001eeb085b7b0_0, 0, 1;
    %delay 10, 0;
    %pushi/vec4 1, 0, 1;
    %store/vec4 v000001eeb085b710_0, 0, 1;
    %pushi/vec4 0, 0, 1;
    %store/vec4 v000001eeb085b7b0_0, 0, 1;
    %delay 10, 0;
    %pushi/vec4 0, 0, 1;
    %store/vec4 v000001eeb085b710_0, 0, 1;
    %pushi/vec4 1, 0, 1;
    %store/vec4 v000001eeb085b7b0_0, 0, 1;
    %delay 10, 0;
    %pushi/vec4 1, 0, 1;
    %store/vec4 v000001eeb085b710_0, 0, 1;
    %pushi/vec4 1, 0, 1;
    %store/vec4 v000001eeb085b7b0_0, 0, 1;
    %delay 10, 0;
    %end;
    .thread T_0;
# The file index is used to find the file name in the following table.
:file_names 4;
    "N/A";
    "<interactive>";
    "nor_tb.v";
    "./nor.v";
