#! /c/Source/iverilog-install/bin/vvp
:ivl_version "12.0 (devel)" "(s20150603-1110-g18392a46)";
:ivl_delay_selection "TYPICAL";
:vpi_time_precision + 0;
:vpi_module "C:\iverilog\lib\ivl\system.vpi";
:vpi_module "C:\iverilog\lib\ivl\vhdl_sys.vpi";
:vpi_module "C:\iverilog\lib\ivl\vhdl_textio.vpi";
:vpi_module "C:\iverilog\lib\ivl\v2005_math.vpi";
:vpi_module "C:\iverilog\lib\ivl\va_math.vpi";
S_00000248412d2740 .scope module, "not_gate" "not_gate" 2 1;
 .timescale 0 0;
    .port_info 0 /INPUT 1 "a";
    .port_info 1 /OUTPUT 1 "out";
o00000248412f48c8 .functor BUFZ 1, C4<z>; HiZ drive
L_00000248412d2df0 .functor NOT 1, o00000248412f48c8, C4<0>, C4<0>, C4<0>;
v00000248412d3010_0 .net "a", 0 0, o00000248412f48c8;  0 drivers
v00000248412d28d0_0 .net "out", 0 0, L_00000248412d2df0;  1 drivers
# The file index is used to find the file name in the following table.
:file_names 3;
    "N/A";
    "<interactive>";
    "not.v";
