#! /c/Source/iverilog-install/bin/vvp
:ivl_version "12.0 (devel)" "(s20150603-1110-g18392a46)";
:ivl_delay_selection "TYPICAL";
:vpi_time_precision + 0;
:vpi_module "C:\iverilog\lib\ivl\system.vpi";
:vpi_module "C:\iverilog\lib\ivl\vhdl_sys.vpi";
:vpi_module "C:\iverilog\lib\ivl\vhdl_textio.vpi";
:vpi_module "C:\iverilog\lib\ivl\v2005_math.vpi";
:vpi_module "C:\iverilog\lib\ivl\va_math.vpi";
S_000002787b4a9750 .scope module, "not_tb" "not_tb" 2 3;
 .timescale 0 0;
v000002787b2d2b60_0 .var "a", 0 0;
v000002787b305270_0 .net "out", 0 0, L_000002787b2d2c00;  1 drivers
S_000002787b3050e0 .scope module, "N1" "not_gate" 2 8, 3 1 0, S_000002787b4a9750;
 .timescale 0 0;
    .port_info 0 /INPUT 1 "a";
    .port_info 1 /OUTPUT 1 "out";
L_000002787b2d2c00 .functor NOT 1, v000002787b2d2b60_0, C4<0>, C4<0>, C4<0>;
v000002787b4a98e0_0 .net "a", 0 0, v000002787b2d2b60_0;  1 drivers
v000002787b2d3050_0 .net "out", 0 0, L_000002787b2d2c00;  alias, 1 drivers
    .scope S_000002787b4a9750;
T_0 ;
    %vpi_call 2 12 "$dumpfile", "not_tb.vcd" {0 0 0};
    %vpi_call 2 13 "$dumpvars", 32'sb00000000000000000000000000000000, S_000002787b4a9750 {0 0 0};
    %pushi/vec4 0, 0, 1;
    %store/vec4 v000002787b2d2b60_0, 0, 1;
    %delay 10, 0;
    %pushi/vec4 1, 0, 1;
    %store/vec4 v000002787b2d2b60_0, 0, 1;
    %delay 10, 0;
    %end;
    .thread T_0;
# The file index is used to find the file name in the following table.
:file_names 4;
    "N/A";
    "<interactive>";
    "not_tb.v";
    "./not.v";
